This is pdfTeX, Version 3.1415926-2.5-1.40.14 (TeX Live 2013/Debian) (format=pdfetex 2014.4.23)  25 APR 2015 10:08
entering extended mode
 restricted \write18 enabled.
 %&-line parsing enabled.
**\nonstopmode \catcode126=12 \def\normaltilde{~}\catcode126=13 \let~\normaltil
de  \input ./randomFunctionsGen.md
(./randomFunctionsGen.md
! You can't use `macro parameter character #' in vertical mode.
l.1 #
      Gaussians Animals
Sorry, but I'm not programmed to handle this case;
I'll just pretend that you didn't ask for it.
If you're in the wrong mode, you might be able to
return to the right one by typing `I}' or `I$' or `I\par'.

! You can't use `macro parameter character #' in vertical mode.
l.15 #
      # Definitions
Sorry, but I'm not programmed to handle this case;
I'll just pretend that you didn't ask for it.
If you're in the wrong mode, you might be able to
return to the right one by typing `I}' or `I$' or `I\par'.

! You can't use `macro parameter character #' in vertical mode.
l.15 ##
        Definitions
Sorry, but I'm not programmed to handle this case;
I'll just pretend that you didn't ask for it.
If you're in the wrong mode, you might be able to
return to the right one by typing `I}' or `I$' or `I\par'.

! Missing $ inserted.
<inserted text> 
                $
<to be read again> 
                   _
l.17 _
      Gaussian process_ is a stochastic process where any finite number of
I've inserted a begin-math/end-math symbol since I think
you left one out. Proceed, with fingers crossed.

! Missing $ inserted.
<inserted text> 
                $
<to be read again> 
                   \par 
l.19 
     
I've inserted a begin-math/end-math symbol since I think
you left one out. Proceed, with fingers crossed.


Overfull \hbox (55.47002pt too wide) in paragraph at lines 17--19
[]$[]\teni aussianprocess[]sastochasticprocesswhereanyfinitenumberofrandomvaria
bleshaveajointGaussiandistribution:$ |

\hbox(6.94444+1.94444)x469.75499
.\hbox(0.0+0.0)x20.0
.\mathon
.\hbox(4.78334+0.0)x6.72598, shifted 1.49998
..\seveni G
.\teni a
.\teni u
.etc.

! Missing $ inserted.
<inserted text> 
                $
<to be read again> 
                   _
l.20 ...n process is completely specified by its _
                                                  mean function_
I've inserted a begin-math/end-math symbol since I think
you left one out. Proceed, with fingers crossed.

! Undefined control sequence.
l.21 \(
       m(x)\) and _covariance function_ \(k(x,x')\). They are defined by
The control sequence at the end of the top line
of your error message was never \def'ed. If you have
misspelled it (e.g., `\hobx'), type `I' and the correct
spelling (e.g., `I\hbox'). Otherwise just continue,
and I'll forget about whatever was undefined.

! Undefined control sequence.
l.21 \(m(x)\)
              and _covariance function_ \(k(x,x')\). They are defined by
The control sequence at the end of the top line
of your error message was never \def'ed. If you have
misspelled it (e.g., `\hobx'), type `I' and the correct
spelling (e.g., `I\hbox'). Otherwise just continue,
and I'll forget about whatever was undefined.

! Undefined control sequence.
l.21 \(m(x)\) and _covariance function_ \(
                                          k(x,x')\). They are defined by
The control sequence at the end of the top line
of your error message was never \def'ed. If you have
misspelled it (e.g., `\hobx'), type `I' and the correct
spelling (e.g., `I\hbox'). Otherwise just continue,
and I'll forget about whatever was undefined.

! Undefined control sequence.
l.21 ...x)\) and _covariance function_ \(k(x,x')\)
                                                  . They are defined by
The control sequence at the end of the top line
of your error message was never \def'ed. If you have
misspelled it (e.g., `\hobx'), type `I' and the correct
spelling (e.g., `I\hbox'). Otherwise just continue,
and I'll forget about whatever was undefined.

! Missing $ inserted.
<inserted text> 
                $
<to be read again> 
                   \par 
l.22 
     
I've inserted a begin-math/end-math symbol since I think
you left one out. Proceed, with fingers crossed.


Overfull \hbox (63.9107pt too wide) in paragraph at lines 20--22
[]\tenrm A Gaus-sian pro-cess is com-pletely spec-i-fied by its $[]\teni eanfun
ction[]\tenrm (\teni x\tenrm )\teni and[]ovariancefunction[]\tenrm (\teni x; x[
]\tenrm )\teni :Theyaredefinedby$ |

\hbox(7.51782+2.5)x469.75499, glue set - 1.0
.\hbox(0.0+0.0)x20.0
.\tenrm A
.\glue 3.33333 plus 1.66498 minus 1.11221
.\tenrm G
.\tenrm a
.etc.

! Undefined control sequence.
l.23 \[
       m(x) = \mathcal{E}[f(x)],\]
The control sequence at the end of the top line
of your error message was never \def'ed. If you have
misspelled it (e.g., `\hobx'), type `I' and the correct
spelling (e.g., `I\hbox'). Otherwise just continue,
and I'll forget about whatever was undefined.

! Undefined control sequence.
l.23 \[m(x) = \mathcal
                      {E}[f(x)],\]
The control sequence at the end of the top line
of your error message was never \def'ed. If you have
misspelled it (e.g., `\hobx'), type `I' and the correct
spelling (e.g., `I\hbox'). Otherwise just continue,
and I'll forget about whatever was undefined.

! Undefined control sequence.
l.23 \[m(x) = \mathcal{E}[f(x)],\]
                                  
The control sequence at the end of the top line
of your error message was never \def'ed. If you have
misspelled it (e.g., `\hobx'), type `I' and the correct
spelling (e.g., `I\hbox'). Otherwise just continue,
and I'll forget about whatever was undefined.

! Undefined control sequence.
l.25 \[
        k(x,x') = \mathcal{E}[(f(x) âˆ’ m(x))(f(x') âˆ’ m(x'))],\]
The control sequence at the end of the top line
of your error message was never \def'ed. If you have
misspelled it (e.g., `\hobx'), type `I' and the correct
spelling (e.g., `I\hbox'). Otherwise just continue,
and I'll forget about whatever was undefined.

! Undefined control sequence.
l.25 \[ k(x,x') = \mathcal
                          {E}[(f(x) âˆ’ m(x))(f(x') âˆ’ m(x'))],\]
The control sequence at the end of the top line
of your error message was never \def'ed. If you have
misspelled it (e.g., `\hobx'), type `I' and the correct
spelling (e.g., `I\hbox'). Otherwise just continue,
and I'll forget about whatever was undefined.

Missing character: There is no â in font cmr10!
Missing character: There is no ˆ in font cmr10!
Missing character: There is no ’ in font cmr10!
Missing character: There is no â in font cmr10!
Missing character: There is no ˆ in font cmr10!
Missing character: There is no ’ in font cmr10!
! Undefined control sequence.
l.25 ...al{E}[(f(x) âˆ’ m(x))(f(x') âˆ’ m(x'))],\]
                                                  
The control sequence at the end of the top line
of your error message was never \def'ed. If you have
misspelled it (e.g., `\hobx'), type `I' and the correct
spelling (e.g., `I\hbox'). Otherwise just continue,
and I'll forget about whatever was undefined.

! Undefined control sequence.
l.27 and will write the Gaussian process as \(
                                               f(x) \sim GP(m(x), k(x,
The control sequence at the end of the top line
of your error message was never \def'ed. If you have
misspelled it (e.g., `\hobx'), type `I' and the correct
spelling (e.g., `I\hbox'). Otherwise just continue,
and I'll forget about whatever was undefined.

! Missing $ inserted.
<inserted text> 
                $
<to be read again> 
                   \sim 
l.27 ...write the Gaussian process as \( f(x) \sim
                                                   GP(m(x), k(x,
I've inserted a begin-math/end-math symbol since I think
you left one out. Proceed, with fingers crossed.

! Undefined control sequence.
l.28 x'))\)
           .
The control sequence at the end of the top line
of your error message was never \def'ed. If you have
misspelled it (e.g., `\hobx'), type `I' and the correct
spelling (e.g., `I\hbox'). Otherwise just continue,
and I'll forget about whatever was undefined.

! Missing $ inserted.
<inserted text> 
                $
<to be read again> 
                   \par 
l.29 
     
I've inserted a begin-math/end-math symbol since I think
you left one out. Proceed, with fingers crossed.

! You can't use `macro parameter character #' in vertical mode.
l.32 #
      # Squared exponential
Sorry, but I'm not programmed to handle this case;
I'll just pretend that you didn't ask for it.
If you're in the wrong mode, you might be able to
return to the right one by typing `I}' or `I$' or `I\par'.

! You can't use `macro parameter character #' in vertical mode.
l.32 ##
        Squared exponential
Sorry, but I'm not programmed to handle this case;
I'll just pretend that you didn't ask for it.
If you're in the wrong mode, you might be able to
return to the right one by typing `I}' or `I$' or `I\par'.

! Undefined control sequence.
l.35 \[
        cov(f(x_p), f (x_q)) = k(x_p , x_q) =
The control sequence at the end of the top line
of your error message was never \def'ed. If you have
misspelled it (e.g., `\hobx'), type `I' and the correct
spelling (e.g., `I\hbox'). Otherwise just continue,
and I'll forget about whatever was undefined.

! Missing $ inserted.
<inserted text> 
                $
<to be read again> 
                   _
l.35 \[ cov(f(x_
                p), f (x_q)) = k(x_p , x_q) =
I've inserted a begin-math/end-math symbol since I think
you left one out. Proceed, with fingers crossed.

! Undefined control sequence.
l.36     \exp\Big(âˆ’\frac
                          {1}{2} |x_p âˆ’ x_q |\Big)^2.\]
The control sequence at the end of the top line
of your error message was never \def'ed. If you have
misspelled it (e.g., `\hobx'), type `I' and the correct
spelling (e.g., `I\hbox'). Otherwise just continue,
and I'll forget about whatever was undefined.

! Undefined control sequence.
l.36 ...ig(âˆ’\frac{1}{2} |x_p âˆ’ x_q |\Big)^2.\]
                                                  
The control sequence at the end of the top line
of your error message was never \def'ed. If you have
misspelled it (e.g., `\hobx'), type `I' and the correct
spelling (e.g., `I\hbox'). Otherwise just continue,
and I'll forget about whatever was undefined.

! Missing $ inserted.
<inserted text> 
                $
<to be read again> 
                   \par 
l.37 
     
I've inserted a begin-math/end-math symbol since I think
you left one out. Proceed, with fingers crossed.

Missing character: There is no â in font cmr10!
Missing character: There is no ˆ in font cmr10!
Missing character: There is no ’ in font cmr10!
Missing character: There is no â in font cmr10!
Missing character: There is no ˆ in font cmr10!
Missing character: There is no ’ in font cmr10!
! Missing $ inserted.
<inserted text> 
                $
<to be read again> 
                   ^
l.41   exp(-0.5* (norm(x-y, type="2")/l)^
                                         2)
I've inserted a begin-math/end-math symbol since I think
you left one out. Proceed, with fingers crossed.

! Extra }, or forgotten $.
l.42 }
      
I've deleted a group-closing symbol because it seems to be
spurious, as in `$x}$'. But perhaps the } is legitimate and
you forgot something else, as in `\hbox{$x}'. In such cases
the way to recover is to insert both the forgotten and the
deleted material, e.g., by typing `I$}'.

! Missing $ inserted.
<inserted text> 
                $
<to be read again> 
                   \par 
l.43 
     
I've inserted a begin-math/end-math symbol since I think
you left one out. Proceed, with fingers crossed.


Overfull \hbox (57.07727pt too wide) in paragraph at lines 54--58
[]\tenrm melted.simulations <- func-tion(x.star, sim.number, ms, S)  sims <- cb
ind(data.table(x=x.star), t(mvrnorm(sim.number,|

\hbox(7.5+2.5)x469.75499, glue set - 1.0
.\hbox(0.0+0.0)x20.0
.\tenrm m
.\tenrm e
.\tenrm l
.\tenrm t
.etc.

! Missing $ inserted.
<inserted text> 
                $
<to be read again> 
                   _
l.61       geom_
                line(data = melted.sims, aes(x=x,y=value,
I've inserted a begin-math/end-math symbol since I think
you left one out. Proceed, with fingers crossed.

! Extra }, or forgotten $.
l.64 }
      
I've deleted a group-closing symbol because it seems to be
spurious, as in `$x}$'. But perhaps the } is legitimate and
you forgot something else, as in `\hbox{$x}'. In such cases
the way to recover is to insert both the forgotten and the
deleted material, e.g., by typing `I$}'.

! Missing $ inserted.
<inserted text> 
                $
<to be read again> 
                   \par 
l.65 
     
I've inserted a begin-math/end-math symbol since I think
you left one out. Proceed, with fingers crossed.

! You can't use `macro parameter character #' in vertical mode.
l.77 #
      # Constant
Sorry, but I'm not programmed to handle this case;
I'll just pretend that you didn't ask for it.
If you're in the wrong mode, you might be able to
return to the right one by typing `I}' or `I$' or `I\par'.

! You can't use `macro parameter character #' in vertical mode.
l.77 ##
        Constant
Sorry, but I'm not programmed to handle this case;
I'll just pretend that you didn't ask for it.
If you're in the wrong mode, you might be able to
return to the right one by typing `I}' or `I$' or `I\par'.

! Undefined control sequence.
l.79 \[
       cov(f(x_p), f (x_q)) = k(x_p , x_q) = \sigma_0^2 \]
The control sequence at the end of the top line
of your error message was never \def'ed. If you have
misspelled it (e.g., `\hobx'), type `I' and the correct
spelling (e.g., `I\hbox'). Otherwise just continue,
and I'll forget about whatever was undefined.

! Missing $ inserted.
<inserted text> 
                $
<to be read again> 
                   _
l.79 \[cov(f(x_
               p), f (x_q)) = k(x_p , x_q) = \sigma_0^2 \]
I've inserted a begin-math/end-math symbol since I think
you left one out. Proceed, with fingers crossed.

! Undefined control sequence.
l.79 ...), f (x_q)) = k(x_p , x_q) = \sigma_0^2 \]
                                                  
The control sequence at the end of the top line
of your error message was never \def'ed. If you have
misspelled it (e.g., `\hobx'), type `I' and the correct
spelling (e.g., `I\hbox'). Otherwise just continue,
and I'll forget about whatever was undefined.

! Missing $ inserted.
<inserted text> 
                $
<to be read again> 
                   \par 
l.80 
     
I've inserted a begin-math/end-math symbol since I think
you left one out. Proceed, with fingers crossed.

! Missing $ inserted.
<inserted text> 
                $
<to be read again> 
                   ^
l.84 cov.fun <- function(x1, x2) {sigma0^
                                         2}
I've inserted a begin-math/end-math symbol since I think
you left one out. Proceed, with fingers crossed.

! Extra }, or forgotten $.
l.84 cov.fun <- function(x1, x2) {sigma0^2}
                                           
I've deleted a group-closing symbol because it seems to be
spurious, as in `$x}$'. But perhaps the } is legitimate and
you forgot something else, as in `\hbox{$x}'. In such cases
the way to recover is to insert both the forgotten and the
deleted material, e.g., by typing `I$}'.

! Missing $ inserted.
<inserted text> 
                $
<to be read again> 
                   \par 
l.90 
     
I've inserted a begin-math/end-math symbol since I think
you left one out. Proceed, with fingers crossed.

! You can't use `macro parameter character #' in vertical mode.
l.93 #
      # Exponential
Sorry, but I'm not programmed to handle this case;
I'll just pretend that you didn't ask for it.
If you're in the wrong mode, you might be able to
return to the right one by typing `I}' or `I$' or `I\par'.

! You can't use `macro parameter character #' in vertical mode.
l.93 ##
        Exponential
Sorry, but I'm not programmed to handle this case;
I'll just pretend that you didn't ask for it.
If you're in the wrong mode, you might be able to
return to the right one by typing `I}' or `I$' or `I\par'.

! Undefined control sequence.
l.95 \[
       cov(f(x_p), f (x_q)) = k(x_p , x_q) = \exp(-|x_p-x_q|/l) \]
The control sequence at the end of the top line
of your error message was never \def'ed. If you have
misspelled it (e.g., `\hobx'), type `I' and the correct
spelling (e.g., `I\hbox'). Otherwise just continue,
and I'll forget about whatever was undefined.

! Missing $ inserted.
<inserted text> 
                $
<to be read again> 
                   _
l.95 \[cov(f(x_
               p), f (x_q)) = k(x_p , x_q) = \exp(-|x_p-x_q|/l) \]
I've inserted a begin-math/end-math symbol since I think
you left one out. Proceed, with fingers crossed.

! Undefined control sequence.
l.95 ...q)) = k(x_p , x_q) = \exp(-|x_p-x_q|/l) \]
                                                  
The control sequence at the end of the top line
of your error message was never \def'ed. If you have
misspelled it (e.g., `\hobx'), type `I' and the correct
spelling (e.g., `I\hbox'). Otherwise just continue,
and I'll forget about whatever was undefined.

! Missing $ inserted.
<inserted text> 
                $
<to be read again> 
                   \par 
l.96 
     
I've inserted a begin-math/end-math symbol since I think
you left one out. Proceed, with fingers crossed.


Overfull \hbox (21.80049pt too wide) in paragraph at lines 108--113
[]\tenrm S <- abs(Sigma(x.star, x.star, exp.cov)) msims <- melted.simulations(x
.star, sim.number, rep(0, length(x.star)),|

\hbox(7.5+2.5)x469.75499, glue set - 1.0
.\hbox(0.0+0.0)x20.0
.\tenrm S
.\glue 3.33333 plus 1.66498 minus 1.11221
.\tenrm <
.\tenrm -
.etc.

! You can't use `macro parameter character #' in vertical mode.
l.116 #
       # Linear
Sorry, but I'm not programmed to handle this case;
I'll just pretend that you didn't ask for it.
If you're in the wrong mode, you might be able to
return to the right one by typing `I}' or `I$' or `I\par'.

! You can't use `macro parameter character #' in vertical mode.
l.116 ##
         Linear
Sorry, but I'm not programmed to handle this case;
I'll just pretend that you didn't ask for it.
If you're in the wrong mode, you might be able to
return to the right one by typing `I}' or `I$' or `I\par'.

! Undefined control sequence.
l.118 \[
        cov(f(x_p), f (x_q)) = k(x_p , x_q) = \sigma_1\cdot x_p\cdot x_q \]
The control sequence at the end of the top line
of your error message was never \def'ed. If you have
misspelled it (e.g., `\hobx'), type `I' and the correct
spelling (e.g., `I\hbox'). Otherwise just continue,
and I'll forget about whatever was undefined.

! Missing $ inserted.
<inserted text> 
                $
<to be read again> 
                   _
l.118 \[cov(f(x_
                p), f (x_q)) = k(x_p , x_q) = \sigma_1\cdot x_p\cdot x_q \]
I've inserted a begin-math/end-math symbol since I think
you left one out. Proceed, with fingers crossed.

! Undefined control sequence.
l.118 ..._p , x_q) = \sigma_1\cdot x_p\cdot x_q \]
                                                  
The control sequence at the end of the top line
of your error message was never \def'ed. If you have
misspelled it (e.g., `\hobx'), type `I' and the correct
spelling (e.g., `I\hbox'). Otherwise just continue,
and I'll forget about whatever was undefined.

! Missing $ inserted.
<inserted text> 
                $
<to be read again> 
                   \par 
l.119 
      
I've inserted a begin-math/end-math symbol since I think
you left one out. Proceed, with fingers crossed.

! Missing $ inserted.
<inserted text> 
                $
<to be read again> 
                   ^
l.126   (sigma1^
                2)*x*y
I've inserted a begin-math/end-math symbol since I think
you left one out. Proceed, with fingers crossed.

! Extra }, or forgotten $.
l.127 }
       
I've deleted a group-closing symbol because it seems to be
spurious, as in `$x}$'. But perhaps the } is legitimate and
you forgot something else, as in `\hbox{$x}'. In such cases
the way to recover is to insert both the forgotten and the
deleted material, e.g., by typing `I$}'.

! Missing $ inserted.
<inserted text> 
                $
<to be read again> 
                   \par 
l.128 
      
I've inserted a begin-math/end-math symbol since I think
you left one out. Proceed, with fingers crossed.


Overfull \hbox (17.63382pt too wide) in paragraph at lines 130--135
[]\tenrm S <- abs(Sigma(x.star, x.star, lin.cov)) msims <- melted.simulations(x
.star, sim.number, rep(0, length(x.star)),|

\hbox(7.5+2.5)x469.75499, glue set - 1.0
.\hbox(0.0+0.0)x20.0
.\tenrm S
.\glue 3.33333 plus 1.66498 minus 1.11221
.\tenrm <
.\tenrm -
.etc.

! You can't use `macro parameter character #' in vertical mode.
l.138 #
       # Rational Quadratic
Sorry, but I'm not programmed to handle this case;
I'll just pretend that you didn't ask for it.
If you're in the wrong mode, you might be able to
return to the right one by typing `I}' or `I$' or `I\par'.

! You can't use `macro parameter character #' in vertical mode.
l.138 ##
         Rational Quadratic
Sorry, but I'm not programmed to handle this case;
I'll just pretend that you didn't ask for it.
If you're in the wrong mode, you might be able to
return to the right one by typing `I}' or `I$' or `I\par'.

! Undefined control sequence.
l.140 \[
         cov(f(x_p), f (x_q)) = k(x_p , x_q) =
The control sequence at the end of the top line
of your error message was never \def'ed. If you have
misspelled it (e.g., `\hobx'), type `I' and the correct
spelling (e.g., `I\hbox'). Otherwise just continue,
and I'll forget about whatever was undefined.

! Missing $ inserted.
<inserted text> 
                $
<to be read again> 
                   _
l.140 \[ cov(f(x_
                 p), f (x_q)) = k(x_p , x_q) =
I've inserted a begin-math/end-math symbol since I think
you left one out. Proceed, with fingers crossed.

! Undefined control sequence.
l.141     \Big(1+\frac
                      {r^2}{2\alpha l^2}\Big)^{-\alpha} \]
The control sequence at the end of the top line
of your error message was never \def'ed. If you have
misspelled it (e.g., `\hobx'), type `I' and the correct
spelling (e.g., `I\hbox'). Otherwise just continue,
and I'll forget about whatever was undefined.

! Undefined control sequence.
l.141 ...\frac{r^2}{2\alpha l^2}\Big)^{-\alpha} \]
                                                  
The control sequence at the end of the top line
of your error message was never \def'ed. If you have
misspelled it (e.g., `\hobx'), type `I' and the correct
spelling (e.g., `I\hbox'). Otherwise just continue,
and I'll forget about whatever was undefined.

! Missing $ inserted.
<inserted text> 
                $
<to be read again> 
                   \par 
l.142 
      
I've inserted a begin-math/end-math symbol since I think
you left one out. Proceed, with fingers crossed.

! Missing $ inserted.
<inserted text> 
                $
<to be read again> 
                   ^
l.149   (1+(norm(x-y, type="2")^
                                2/(2*alpha*l^2)))^(-alpha)
I've inserted a begin-math/end-math symbol since I think
you left one out. Proceed, with fingers crossed.

! Extra }, or forgotten $.
l.150 }
       
I've deleted a group-closing symbol because it seems to be
spurious, as in `$x}$'. But perhaps the } is legitimate and
you forgot something else, as in `\hbox{$x}'. In such cases
the way to recover is to insert both the forgotten and the
deleted material, e.g., by typing `I$}'.

! Missing $ inserted.
<inserted text> 
                $
<to be read again> 
                   \par 
l.151 
      
I've inserted a begin-math/end-math symbol since I think
you left one out. Proceed, with fingers crossed.

! Missing $ inserted.
<inserted text> 
                $
<to be read again> 
                   _
l.157     geom_
               line(data = msims, aes(x=x,y=value,
I've inserted a begin-math/end-math symbol since I think
you left one out. Proceed, with fingers crossed.

! Missing $ inserted.
<inserted text> 
                $
<to be read again> 
                   \par 
l.162 
      
I've inserted a begin-math/end-math symbol since I think
you left one out. Proceed, with fingers crossed.


Overfull \hbox (49.51837pt too wide) in paragraph at lines 152--162
\tenrm rep(0, length(x.star)), S) gg-plot() + geom$[]\teni ine\tenrm (\teni dat
a \tenrm = \teni msims; aes\tenrm (\teni x \tenrm = \teni x; y \tenrm = \teni v
alue; colour \tenrm = \teni factor\tenrm (\teni variable\tenrm ))\teni ; alpha 
\tenrm =|

\hbox(7.5+2.5)x469.75499, glue set - 1.0
.\tenrm r
.\tenrm e
.\tenrm p
.\tenrm (
.\tenrm 0
.etc.

! You can't use `macro parameter character #' in vertical mode.
l.165 #
       # Brownian Motion
Sorry, but I'm not programmed to handle this case;
I'll just pretend that you didn't ask for it.
If you're in the wrong mode, you might be able to
return to the right one by typing `I}' or `I$' or `I\par'.

! You can't use `macro parameter character #' in vertical mode.
l.165 ##
         Brownian Motion
Sorry, but I'm not programmed to handle this case;
I'll just pretend that you didn't ask for it.
If you're in the wrong mode, you might be able to
return to the right one by typing `I}' or `I$' or `I\par'.


Overfull \hbox (54.38379pt too wide) in paragraph at lines 173--179
[]\tenrm x.star <- seq(0, 5, 0.005) S <- Sigma(x.star, x.star, brow) ms <- rep(
0, length(x.star)) msims <- melted.simulations(x.star,|

\hbox(7.5+2.5)x469.75499, glue set - 1.0
.\hbox(0.0+0.0)x20.0
.\tenrm x
.\tenrm .
.\tenrm s
.\tenrm t
.etc.

[1{/var/lib/texmf/fonts/map/pdftex/updmap/pdftex.map}]
! Missing $ inserted.
<inserted text> 
                $
<to be read again> 
                   _
l.185     geom_
               path() + theme_bw()
I've inserted a begin-math/end-math symbol since I think
you left one out. Proceed, with fingers crossed.

! Missing $ inserted.
<inserted text> 
                $
<to be read again> 
                   \par 
l.187 
      
I've inserted a begin-math/end-math symbol since I think
you left one out. Proceed, with fingers crossed.

! You can't use `macro parameter character #' in vertical mode.
l.190 #
       # Predictions
Sorry, but I'm not programmed to handle this case;
I'll just pretend that you didn't ask for it.
If you're in the wrong mode, you might be able to
return to the right one by typing `I}' or `I$' or `I\par'.

! You can't use `macro parameter character #' in vertical mode.
l.190 ##
         Predictions
Sorry, but I'm not programmed to handle this case;
I'll just pretend that you didn't ask for it.
If you're in the wrong mode, you might be able to
return to the right one by typing `I}' or `I$' or `I\par'.

! Undefined control sequence.
l.192 \[
        \overline{y}^* = K^*(\lambda^2\cdot I+K)^{-1}\cdot y \]
The control sequence at the end of the top line
of your error message was never \def'ed. If you have
misspelled it (e.g., `\hobx'), type `I' and the correct
spelling (e.g., `I\hbox'). Otherwise just continue,
and I'll forget about whatever was undefined.

! Missing $ inserted.
<inserted text> 
                $
<to be read again> 
                   \overline 
l.192 \[\overline
                 {y}^* = K^*(\lambda^2\cdot I+K)^{-1}\cdot y \]
I've inserted a begin-math/end-math symbol since I think
you left one out. Proceed, with fingers crossed.

! Undefined control sequence.
l.192 ... = K^*(\lambda^2\cdot I+K)^{-1}\cdot y \]
                                                  
The control sequence at the end of the top line
of your error message was never \def'ed. If you have
misspelled it (e.g., `\hobx'), type `I' and the correct
spelling (e.g., `I\hbox'). Otherwise just continue,
and I'll forget about whatever was undefined.

! Missing $ inserted.
<inserted text> 
                $
<to be read again> 
                   \par 
l.193 
      
I've inserted a begin-math/end-math symbol since I think
you left one out. Proceed, with fingers crossed.

! Undefined control sequence.
l.194 \[
        C = K^{**}-K^*\cdot(\lambda^2\cdot I+K)^{-1}\cdot(K^*)^t \]
The control sequence at the end of the top line
of your error message was never \def'ed. If you have
misspelled it (e.g., `\hobx'), type `I' and the correct
spelling (e.g., `I\hbox'). Otherwise just continue,
and I'll forget about whatever was undefined.

! Missing $ inserted.
<inserted text> 
                $
<to be read again> 
                   ^
l.194 \[C = K^
              {**}-K^*\cdot(\lambda^2\cdot I+K)^{-1}\cdot(K^*)^t \]
I've inserted a begin-math/end-math symbol since I think
you left one out. Proceed, with fingers crossed.

! Undefined control sequence.
l.194 ...t(\lambda^2\cdot I+K)^{-1}\cdot(K^*)^t \]
                                                  
The control sequence at the end of the top line
of your error message was never \def'ed. If you have
misspelled it (e.g., `\hobx'), type `I' and the correct
spelling (e.g., `I\hbox'). Otherwise just continue,
and I'll forget about whatever was undefined.

! Missing $ inserted.
<inserted text> 
                $
<to be read again> 
                   \par 
l.195 
      
I've inserted a begin-math/end-math symbol since I think
you left one out. Proceed, with fingers crossed.

! Missing $ inserted.
<inserted text> 
                $
<to be read again> 
                   \par 
l.222 
      
I've inserted a begin-math/end-math symbol since I think
you left one out. Proceed, with fingers crossed.

! Missing $ inserted.
<inserted text> 
                $
<to be read again> 
                   _
l.224       geom_
                 line(data = msims, aes(x=x, y=value,
I've inserted a begin-math/end-math symbol since I think
you left one out. Proceed, with fingers crossed.

! Extra }, or forgotten $.
l.233 }
       
I've deleted a group-closing symbol because it seems to be
spurious, as in `$x}$'. But perhaps the } is legitimate and
you forgot something else, as in `\hbox{$x}'. In such cases
the way to recover is to insert both the forgotten and the
deleted material, e.g., by typing `I$}'.

! Missing $ inserted.
<inserted text> 
                $
<to be read again> 
                   \par 
l.234 
      
I've inserted a begin-math/end-math symbol since I think
you left one out. Proceed, with fingers crossed.


Overfull \hbox (11.98444pt too wide) in paragraph at lines 223--234
[]\tenrm ggplot() + geom$[]\teni ine\tenrm (\teni data \tenrm = \teni msims; ae
s\tenrm (\teni x \tenrm = \teni x; y \tenrm = \teni value; group \tenrm = \teni
 factor\tenrm (\teni variable\tenrm ))\teni ; alpha \tenrm = \teni :\tenrm 3\te
ni ; colour \tenrm =|

\hbox(7.5+2.5)x469.75499, glue set - 1.0
.\hbox(0.0+0.0)x20.0
.\tenrm g
.\tenrm g
.\tenrm p
.\tenrm l
.etc.


Overfull \hbox (91.17322pt too wide) in paragraph at lines 223--234
\tenrm "\teni green\tenrm ") + \teni geom[]oint\tenrm (\teni data \tenrm = \ten
i observations; aes\tenrm (\teni x; y\tenrm )\teni ; size \tenrm = 3\teni ; col
our \tenrm = "\teni red\tenrm ") + \teni geom[]ine\tenrm (\teni data \tenrm = \
teni predictors; aes\tenrm (\teni x; y\tenrm )\teni ; colour \tenrm =[]|

\hbox(7.51782+2.86108)x469.75499, glue set - 1.0
.\tenrm "
.\teni g
.\kern0.35878
.\teni r
.\kern0.27779
.etc.

! You can't use `macro parameter character #' in vertical mode.
l.246 #
       # Brownian bridge
Sorry, but I'm not programmed to handle this case;
I'll just pretend that you didn't ask for it.
If you're in the wrong mode, you might be able to
return to the right one by typing `I}' or `I$' or `I\par'.

! You can't use `macro parameter character #' in vertical mode.
l.246 ##
         Brownian bridge
Sorry, but I'm not programmed to handle this case;
I'll just pretend that you didn't ask for it.
If you're in the wrong mode, you might be able to
return to the right one by typing `I}' or `I$' or `I\par'.

! You can't use `macro parameter character #' in vertical mode.
l.260 #
       # Sigma non zero
Sorry, but I'm not programmed to handle this case;
I'll just pretend that you didn't ask for it.
If you're in the wrong mode, you might be able to
return to the right one by typing `I}' or `I$' or `I\par'.

! You can't use `macro parameter character #' in vertical mode.
l.260 ##
         Sigma non zero
Sorry, but I'm not programmed to handle this case;
I'll just pretend that you didn't ask for it.
If you're in the wrong mode, you might be able to
return to the right one by typing `I}' or `I$' or `I\par'.

! Missing $ inserted.
<inserted text> 
                $
<to be read again> 
                   _
l.272     geom_
               errorbar(data=data.table(x,y),
I've inserted a begin-math/end-math symbol since I think
you left one out. Proceed, with fingers crossed.

! Missing $ inserted.
<inserted text> 
                $
<to be read again> 
                   \par 
l.275 
      
I've inserted a begin-math/end-math symbol since I think
you left one out. Proceed, with fingers crossed.


Overfull \hbox (45.82874pt too wide) in paragraph at lines 271--275
[]\tenrm gg.simulations2(x, y, x.star, cov.fun, sim.number, sigma) + geom$[]\te
ni rrorbar\tenrm (\teni data \tenrm = \teni data:table\tenrm (\teni x; y\tenrm 
)\teni ; aes\tenrm (\teni x; y; ymin \tenrm =|

\hbox(7.5+2.5)x469.75499, glue set - 1.0
.\hbox(0.0+0.0)x20.0
.\tenrm g
.\tenrm g
.\tenrm .
.\tenrm s
.etc.

! You can't use `macro parameter character #' in vertical mode.
l.278 #
       # Large n
Sorry, but I'm not programmed to handle this case;
I'll just pretend that you didn't ask for it.
If you're in the wrong mode, you might be able to
return to the right one by typing `I}' or `I$' or `I\par'.

! You can't use `macro parameter character #' in vertical mode.
l.278 ##
         Large n
Sorry, but I'm not programmed to handle this case;
I'll just pretend that you didn't ask for it.
If you're in the wrong mode, you might be able to
return to the right one by typing `I}' or `I$' or `I\par'.

)
! Emergency stop.
<*> ...normaltilde  \input ./randomFunctionsGen.md
                                                  
*** (job aborted, no legal \end found)

!  ==> Fatal error occurred, no output PDF file produced!
